P Q R
P !Q !R
P !W
!Q !R !W
!P !Q R
U X
U !X
Q !U
!R !U
easyCase W = false
P Q R
P !Q !R
!P !Q R
U X
U !X
Q !U
!R !U
hard case, guess: P=true
!Q R
U X
U !X
Q !U
!R !U
hard case, guess: Q=true
R
U X
U !X
!R !U
easyCase R = true
U X
U !X
!U
easyCase U = false
X
!X
easyCase X = true

hard case, guess: Q=false
U X
U !X
!U
!R !U
easyCase R = false
U X
U !X
!U
easyCase U = false
X
!X
easyCase X = true

hard case, guess: P=false
Q R
!Q !R
U X
U !X
Q !U
!R !U
hard case, guess: Q=true
!R
U X
U !X
!R !U
easyCase R = false
U X
U !X
easyCase U = true
P = false
Q = true
R = false
U = true
W = false
X = true
